C51 COMPILER V9.60.7.0   MAIN                                                              03/05/2025 17:20:57 PAGE 1   


C51 COMPILER V9.60.7.0, COMPILATION OF MODULE MAIN
OBJECT MODULE PLACED IN .\Objects\main.obj
COMPILER INVOKED BY: C:\Keil_v5\C51\BIN\C51.EXE main.c OPTIMIZE(8,SPEED) BROWSE DEBUG OBJECTEXTEND PRINT(.\Listings\main
                    -.lst) TABS(2) OBJECT(.\Objects\main.obj)

line level    source

   1          #include "STC8G_H_Delay.h"
   2          #include "STC8G_H_GPIO.h"
   3          #include "STC8G_H_NVIC.h"
   4          #include "STC8G_H_UART.h"
   5          #include "STC8G_H_Switch.h"
   6          
   7          /******************* IO配置函数 *******************/
   8          void GPIO_config(void)
   9          {
  10   1          GPIO_InitTypeDef  GPIO_InitStructure;   //结构定义
  11   1          GPIO_InitStructure.Pin  = GPIO_Pin_0 | GPIO_Pin_1;    //指定要初始化的IO, GPIO_Pin_0 ~ GPIO_Pin_7
  12   1          GPIO_InitStructure.Mode = GPIO_PullUp;  //指定IO的输入或输出方式,GPIO_PullUp,GPIO_HighZ,GPIO_
             -OUT_OD,GPIO_OUT_PP
  13   1          GPIO_Inilize(GPIO_P3,&GPIO_InitStructure);  //初始化
  14   1      }
  15          
  16          
  17          /***************  串口初始化函数 *****************/
  18          void  UART_config(void)
  19          {
  20   1          COMx_InitDefine   COMx_InitStructure;         //结构定义
  21   1      
  22   1          COMx_InitStructure.UART_Mode      = UART_8bit_BRTx; //模式, UART_ShiftRight,UART_8bit_BRTx,UART_9bit
             -,UART_9bit_BRTx
  23   1          COMx_InitStructure.UART_BRT_Use   = BRT_Timer1;     //选择波特率发生器, BRT_Timer1, BRT_Timer2 (
             -注意: 串口2固定使用BRT_Timer2)
  24   1          COMx_InitStructure.UART_BaudRate  = 115200ul;     //波特率, 一般 110 ~ 115200
  25   1          COMx_InitStructure.UART_RxEnable  = ENABLE;       //接收允许,   ENABLE或DISABLE
  26   1          COMx_InitStructure.BaudRateDouble = DISABLE;      //波特率加倍, ENABLE或DISABLE
  27   1          UART_Configuration(UART1, &COMx_InitStructure);   //初始化串口1 UART1,UART2,UART3,UART4
  28   1        
  29   1        
  30   1          NVIC_UART1_Init(ENABLE,Priority_1);   //中断使能, ENABLE\DISABLE; 优先级(低到高) Priority_0,P
             -riority_1,Priority_2,Priority_3
  31   1          
  32   1          UART1_SW(UART1_SW_P30_P31);   //UART1_SW_P30_P31,UART1_SW_P36_P37,UART1_SW_P16_P17,UART1_SW_P43_P44
  33   1      }
  34          
  35          void main() {
  36   1        
  37   1          // EAXSFR();    /* 扩展寄存器访问使能 */
  38   1        
  39   1          //1.配置IO模式
  40   1          GPIO_config();
  41   1        
  42   1          //2.配置串口,打开全局中断
  43   1          UART_config();
  44   1          EA = 1;
  45   1        
  46   1          //3.使用串口发送数据
  47   1          PrintString1("STC8H8K64U UART1 Test Programme!\r\n");    //UART1发送一个字符串
  48   1          
  49   1          while (1) {
  50   2              PrintString1("hello\r\n");    //UART1发送一个字符串
C51 COMPILER V9.60.7.0   MAIN                                                              03/05/2025 17:20:57 PAGE 2   

  51   2              TX1_write2buff(100); //UART1发送一个字符
  52   2              delay_ms(250);
  53   2              delay_ms(250);
  54   2              delay_ms(250);
  55   2              delay_ms(250);
  56   2          }
  57   1      
  58   1      }


MODULE INFORMATION:   STATIC OVERLAYABLE
   CODE SIZE        =    114    ----
   CONSTANT SIZE    =     43    ----
   XDATA SIZE       =   ----    ----
   PDATA SIZE       =   ----    ----
   DATA SIZE        =   ----      11
   IDATA SIZE       =   ----    ----
   BIT SIZE         =   ----    ----
END OF MODULE INFORMATION.


C51 COMPILATION COMPLETE.  0 WARNING(S),  0 ERROR(S)
