C51 COMPILER V9.60.7.0   MAIN                                                              02/26/2025 01:19:09 PAGE 1   


C51 COMPILER V9.60.7.0, COMPILATION OF MODULE MAIN
OBJECT MODULE PLACED IN .\Objects\main.obj
COMPILER INVOKED BY: C:\Keil_v5\C51\BIN\C51.EXE main.c OPTIMIZE(8,SPEED) BROWSE DEBUG OBJECTEXTEND PRINT(.\Listings\main
                    -.lst) TABS(2) OBJECT(.\Objects\main.obj)

line level    source

   1          #include "config.h"
   2          #include "STC8G_H_Delay.h"
   3          #include "STC8G_H_GPIO.h"
   4          
   5          
   6          
   7          /******************* IO配置函数 *******************/
   8          void  GPIO_config(void)
   9          {
  10   1          GPIO_InitTypeDef  GPIO_InitStructure;   //结构定义
  11   1      
  12   1          GPIO_InitStructure.Pin  = GPIO_Pin_0 | GPIO_Pin_1;    //指定要初始化的IO, GPIO_Pin_0 ~ GPIO_Pin_7
  13   1          GPIO_InitStructure.Mode = GPIO_PullUp;  //指定IO的输入或输出方式,GPIO_PullUp,GPIO_HighZ,GPIO_OUT_OD,GPI
             -O_OUT_PP
  14   1          GPIO_Inilize(GPIO_P3,&GPIO_InitStructure);  //初始化
  15   1      }
  16          
  17          
  18          void main() {
  19   1      
  20   1        
  21   1          //1.配置IO模式
  22   1          GPIO_config();
  23   1        
  24   1          while(1) {
  25   2            P34 = 1;
  26   2            NOP1();
  27   2            P34 = 0;
  28   2            NOP1();
  29   2          }
  30   1        
  31   1      }


MODULE INFORMATION:   STATIC OVERLAYABLE
   CODE SIZE        =     27    ----
   CONSTANT SIZE    =   ----    ----
   XDATA SIZE       =   ----    ----
   PDATA SIZE       =   ----    ----
   DATA SIZE        =   ----       2
   IDATA SIZE       =   ----    ----
   BIT SIZE         =   ----    ----
END OF MODULE INFORMATION.


C51 COMPILATION COMPLETE.  0 WARNING(S),  0 ERROR(S)
