C51 COMPILER V9.60.7.0   MAIN                                                              04/10/2025 17:47:28 PAGE 1   


C51 COMPILER V9.60.7.0, COMPILATION OF MODULE MAIN
OBJECT MODULE PLACED IN .\Objects\main.obj
COMPILER INVOKED BY: C:\Keil_v5\C51\BIN\C51.EXE main.c OPTIMIZE(8,SPEED) BROWSE DEBUG OBJECTEXTEND PRINT(.\Listings\main
                    -.lst) TABS(2) OBJECT(.\Objects\main.obj)

line level    source

   1          #include "lib/STC8G_H_GPIO.h"
   2          #include "lib/STC8G_H_Delay.h"
   3          
   4          #define motor P01
   5          
   6          void GPIO_Config() {
   7   1        GPIO_InitTypeDef GPIO_InitTypeDef;
   8   1      
   9   1        GPIO_InitTypeDef.Mode = GPIO_OUT_PP;
  10   1        GPIO_InitTypeDef.Pin = GPIO_Pin_1;
  11   1        GPIO_Inilize(GPIO_P0,&GPIO_InitTypeDef);
  12   1      }
  13          
  14          void main() {
  15   1        EA = 1;
  16   1        
  17   1        GPIO_Config();
  18   1        
  19   1        while(1) {
  20   2          motor = 1;
  21   2          delay_ms(250);
  22   2          delay_ms(250);
  23   2          delay_ms(250);
  24   2          delay_ms(250);
  25   2          
  26   2          motor = 0;
  27   2          delay_ms(250);
  28   2          delay_ms(250);
  29   2          delay_ms(250);
  30   2          delay_ms(250);
  31   2        }
  32   1      }


MODULE INFORMATION:   STATIC OVERLAYABLE
   CODE SIZE        =     68    ----
   CONSTANT SIZE    =   ----    ----
   XDATA SIZE       =   ----    ----
   PDATA SIZE       =   ----    ----
   DATA SIZE        =   ----       2
   IDATA SIZE       =   ----    ----
   BIT SIZE         =   ----    ----
END OF MODULE INFORMATION.


C51 COMPILATION COMPLETE.  0 WARNING(S),  0 ERROR(S)
